<?xml version="1.0" encoding="UTF-8"?>
<testng-results ignored="0" total="1" passed="1" failed="0" skipped="0">
  <reporter-output>
  </reporter-output>
  <suite started-at="2022-09-18T11:41:09 IST" name="Default suite" finished-at="2022-09-18T11:41:10 IST" duration-ms="501">
    <groups>
      <group name="cucumber">
        <method signature="AbstractTestNGCucumberTests.runScenario(io.cucumber.testng.PickleWrapper,io.cucumber.testng.FeatureWrapper)[pri:0, instance:runner.RunnerClass@4d0f2471]" name="runScenario" class="io.cucumber.testng.AbstractTestNGCucumberTests"/>
      </group> <!-- cucumber -->
    </groups>
    <test started-at="2022-09-18T11:41:09 IST" name="Default test" finished-at="2022-09-18T11:41:10 IST" duration-ms="501">
      <class name="runner.RunnerClass">
        <test-method is-config="true" signature="setUpClass()[pri:0, instance:runner.RunnerClass@4d0f2471]" started-at="2022-09-18T11:41:09 IST" name="setUpClass" finished-at="2022-09-18T11:41:10 IST" duration-ms="318" status="PASS">
          <reporter-output>
          </reporter-output>
        </test-method> <!-- setUpClass -->
        <test-method signature="runScenario(io.cucumber.testng.PickleWrapper,io.cucumber.testng.FeatureWrapper)[pri:0, instance:runner.RunnerClass@4d0f2471]" started-at="2022-09-18T11:41:10 IST" name="runScenario" description="Runs Cucumber Scenarios" data-provider="scenarios" finished-at="2022-09-18T11:41:10 IST" duration-ms="128" status="PASS">
          <params>
            <param index="0">
              <value>
                <![CDATA["open browser enter test url login page is displayed"]]>
              </value>
            </param>
            <param index="1">
              <value>
                <![CDATA["Optional[Login]"]]>
              </value>
            </param>
          </params>
          <reporter-output>
          </reporter-output>
        </test-method> <!-- runScenario -->
        <test-method is-config="true" signature="tearDownClass()[pri:0, instance:runner.RunnerClass@4d0f2471]" started-at="2022-09-18T11:41:10 IST" name="tearDownClass" finished-at="2022-09-18T11:41:10 IST" duration-ms="22" status="PASS">
          <reporter-output>
          </reporter-output>
        </test-method> <!-- tearDownClass -->
      </class> <!-- runner.RunnerClass -->
    </test> <!-- Default test -->
  </suite> <!-- Default suite -->
</testng-results>
